<?xml version="1.0" encoding="UTF-8"?>
<testsuite xmlns:xsi="http://www.w3.org/2001/XMLSchema-instance" xsi:noNamespaceSchemaLocation="https://maven.apache.org/surefire/maven-surefire-plugin/xsd/surefire-test-report.xsd" name="inventory.model.PartTest" time="0.226" tests="10" errors="0" skipped="0" failures="0">
  <properties>
[...]
</properties>
  <testcase name="isValidPart[1]" classname="inventory.model.PartTest" time="0.06"/>
  <testcase name="isValidPart[2]" classname="inventory.model.PartTest" time="0.002"/>
  <testcase name="isValidPartBVA{int}[1]" classname="inventory.model.PartTest" time="0.046"/>
  <testcase name="isValidPartBVA{int}[2]" classname="inventory.model.PartTest" time="0.002"/>
  <testcase name="isValidPartBVA{int}[3]" classname="inventory.model.PartTest" time="0.002"/>
  <testcase name="isValidPartBVA{int}[4]" classname="inventory.model.PartTest" time="0"/>
  <testcase name="isValidPartECP{int}[1]" classname="inventory.model.PartTest" time="0"/>
  <testcase name="isValidPartECP{int}[2]" classname="inventory.model.PartTest" time="0.001"/>
  <testcase name="isValidPartECP{int}[3]" classname="inventory.model.PartTest" time="0"/>
  <testcase name="isValidPartECP{int}[4]" classname="inventory.model.PartTest" time="0.001"/>
</testsuite>